[    2091ms] [INFO] %cDownload the React DevTools for a better development experience: https://react.dev/link/react-devtools font-weight:bold @ http://localhost:3000/_next/static/chunks/979b6_next_dist_2a67324b._.js:2297
[    2648ms] [LOG] [HMR] connected @ http://localhost:3000/_next/static/chunks/979b6_next_dist_2a67324b._.js:2297
[    3823ms] [LOG] %c[Vercel Web Analytics]%c Debug mode is enabled by default in development. No requests will be sent to the server. color: rgb(120, 120, 120) color: inherit @ http://localhost:3000/_next/static/chunks/979b6_next_dist_2a67324b._.js:2297
[    3823ms] [LOG] %c[Vercel Web Analytics]%c Running queued event color: rgb(120, 120, 120) color: inherit pageview {route: /, path: /} @ http://localhost:3000/_next/static/chunks/979b6_next_dist_2a67324b._.js:2297
[    3824ms] [LOG] %c[Vercel Web Analytics]%c [view] http://localhost:3000/ color: rgb(120, 120, 120) color: inherit {o: http://localhost:3000/, sv: 0.1.3, sdkn: @vercel/analytics/next, sdkv: 1.6.1, ts: 1775380238380} /_vercel/insights/view @ http://localhost:3000/_next/static/chunks/979b6_next_dist_2a67324b._.js:2297
[  103920ms] [LOG] [Fast Refresh] rebuilding @ http://localhost:3000/_next/static/chunks/979b6_next_dist_2a67324b._.js:2297
[  104132ms] [WARNING] Detected `scroll-behavior: smooth` on the `<html>` element. To disable smooth scrolling during route transitions, add `data-scroll-behavior="smooth"` to your <html> element. Learn more: https://nextjs.org/docs/messages/missing-data-scroll-behavior @ http://localhost:3000/_next/static/chunks/979b6_next_dist_2a67324b._.js:2297
[  104137ms] [LOG] [Fast Refresh] done in 318ms @ http://localhost:3000/_next/static/chunks/979b6_next_dist_2a67324b._.js:2297
[  104141ms] [LOG] %c[Vercel Web Analytics]%c [view] http://localhost:3000/teams-for-education color: rgb(120, 120, 120) color: inherit {o: http://localhost:3000/teams-for-education, sv: 0.1.3, sdkn: @vercel/analytics/next, sdkv: 1.6.1, ts: 1775380338694} /_vercel/insights/view @ http://localhost:3000/_next/static/chunks/979b6_next_dist_2a67324b._.js:2297
[ 1387798ms] [LOG] [Fast Refresh] rebuilding @ http://localhost:3000/_next/static/chunks/979b6_next_dist_2a67324b._.js:2297
[ 1387851ms] [LOG] [Fast Refresh] done in 126ms @ http://localhost:3000/_next/static/chunks/979b6_next_dist_2a67324b._.js:2297
[ 1501166ms] [INFO] %cDownload the React DevTools for a better development experience: https://react.dev/link/react-devtools font-weight:bold @ http://localhost:3000/_next/static/chunks/979b6_next_dist_2a67324b._.js:2297
[ 1501218ms] [LOG] [HMR] connected @ http://localhost:3000/_next/static/chunks/979b6_next_dist_2a67324b._.js:2297
[ 1501267ms] [LOG] %c[Vercel Web Analytics]%c Debug mode is enabled by default in development. No requests will be sent to the server. color: rgb(120, 120, 120) color: inherit @ http://localhost:3000/_next/static/chunks/979b6_next_dist_2a67324b._.js:2297
[ 1501267ms] [LOG] %c[Vercel Web Analytics]%c Running queued event color: rgb(120, 120, 120) color: inherit pageview {route: /teams-for-education, path: /teams-for-education} @ http://localhost:3000/_next/static/chunks/979b6_next_dist_2a67324b._.js:2297
[ 1501267ms] [LOG] %c[Vercel Web Analytics]%c [view] http://localhost:3000/teams-for-education color: rgb(120, 120, 120) color: inherit {o: http://localhost:3000/teams-for-education, sv: 0.1.3, sdkn: @vercel/analytics/next, sdkv: 1.6.1, ts: 1775381735823} /_vercel/insights/view @ http://localhost:3000/_next/static/chunks/979b6_next_dist_2a67324b._.js:2297
[ 1912401ms] [LOG] [Fast Refresh] rebuilding @ http://localhost:3000/_next/static/chunks/979b6_next_dist_2a67324b._.js:2297
[ 1912437ms] [LOG] [Fast Refresh] done in 105ms @ http://localhost:3000/_next/static/chunks/979b6_next_dist_2a67324b._.js:2297
[ 2042241ms] [LOG] [Fast Refresh] rebuilding @ http://localhost:3000/_next/static/chunks/979b6_next_dist_2a67324b._.js:2297
[ 2042272ms] [LOG] [Fast Refresh] done in 60ms @ http://localhost:3000/_next/static/chunks/979b6_next_dist_2a67324b._.js:2297
[ 2214632ms] [LOG] [Fast Refresh] rebuilding @ http://localhost:3000/_next/static/chunks/979b6_next_dist_2a67324b._.js:2297
[ 2214660ms] [LOG] [Fast Refresh] done in 67ms @ http://localhost:3000/_next/static/chunks/979b6_next_dist_2a67324b._.js:2297
[ 2226211ms] [LOG] [Fast Refresh] rebuilding @ http://localhost:3000/_next/static/chunks/979b6_next_dist_2a67324b._.js:2297
[ 2226241ms] [LOG] [Fast Refresh] done in 68ms @ http://localhost:3000/_next/static/chunks/979b6_next_dist_2a67324b._.js:2297
[ 2235389ms] [LOG] [Fast Refresh] rebuilding @ http://localhost:3000/_next/static/chunks/979b6_next_dist_2a67324b._.js:2297
[ 2235418ms] [LOG] [Fast Refresh] done in 27ms @ http://localhost:3000/_next/static/chunks/979b6_next_dist_2a67324b._.js:2297
